2021-03-12 05:16:16.579  INFO 16076 --- [restartedMain] t.e.spring.PiMicroAssuranceApplication   : Starting PiMicroAssuranceApplication using Java 1.8.0_202 on LAPTOP-8OORO9GA with PID 16076 (C:\work\workspace-sts\pi-micro-assurance\target\classes started by abder in C:\work\workspace-sts\pi-micro-assurance)
2021-03-12 05:16:16.580  INFO 16076 --- [restartedMain] t.e.spring.PiMicroAssuranceApplication   : No active profile set, falling back to default profiles: default
2021-03-12 05:16:16.863  INFO 16076 --- [restartedMain] .s.d.r.c.RepositoryConfigurationDelegate : Bootstrapping Spring Data JPA repositories in DEFAULT mode.
2021-03-12 05:16:16.879  INFO 16076 --- [restartedMain] .s.d.r.c.RepositoryConfigurationDelegate : Finished Spring Data repository scanning in 15 ms. Found 1 JPA repository interfaces.
2021-03-12 05:16:17.015  INFO 16076 --- [restartedMain] o.s.b.w.embedded.tomcat.TomcatWebServer  : Tomcat initialized with port(s): 8081 (http)
2021-03-12 05:16:17.031  INFO 16076 --- [restartedMain] o.apache.catalina.core.StandardService   : Starting service [Tomcat]
2021-03-12 05:16:17.031  INFO 16076 --- [restartedMain] org.apache.catalina.core.StandardEngine  : Starting Servlet engine: [Apache Tomcat/9.0.43]
2021-03-12 05:16:17.047  INFO 16076 --- [restartedMain] o.a.c.c.C.[.[localhost].[/SpringMVC]     : Initializing Spring embedded WebApplicationContext
2021-03-12 05:16:17.047  INFO 16076 --- [restartedMain] w.s.c.ServletWebServerApplicationContext : Root WebApplicationContext: initialization completed in 461 ms
2021-03-12 05:16:17.093  INFO 16076 --- [restartedMain] o.hibernate.jpa.internal.util.LogHelper  : HHH000204: Processing PersistenceUnitInfo [name: default]
2021-03-12 05:16:17.093  INFO 16076 --- [restartedMain] com.zaxxer.hikari.HikariDataSource       : HikariPool-3 - Starting...
2021-03-12 05:16:17.109  INFO 16076 --- [restartedMain] com.zaxxer.hikari.HikariDataSource       : HikariPool-3 - Start completed.
2021-03-12 05:16:17.109  INFO 16076 --- [restartedMain] org.hibernate.dialect.Dialect            : HHH000400: Using dialect: org.hibernate.dialect.MySQL5Dialect
2021-03-12 05:16:17.950  INFO 16076 --- [restartedMain] o.h.e.t.j.p.i.JtaPlatformInitiator       : HHH000490: Using JtaPlatform implementation: [org.hibernate.engine.transaction.jta.platform.internal.NoJtaPlatform]
2021-03-12 05:16:17.950  INFO 16076 --- [restartedMain] j.LocalContainerEntityManagerFactoryBean : Initialized JPA EntityManagerFactory for persistence unit 'default'
2021-03-12 05:16:17.966  INFO 16076 --- [restartedMain] o.s.b.d.a.OptionalLiveReloadServer       : LiveReload server is running on port 35729
2021-03-12 05:16:18.034  WARN 16076 --- [restartedMain] JpaBaseConfiguration$JpaWebConfiguration : spring.jpa.open-in-view is enabled by default. Therefore, database queries may be performed during view rendering. Explicitly configure spring.jpa.open-in-view to disable this warning
2021-03-12 05:16:18.077  INFO 16076 --- [restartedMain] o.s.s.concurrent.ThreadPoolTaskExecutor  : Initializing ExecutorService 'applicationTaskExecutor'
2021-03-12 05:16:18.139  INFO 16076 --- [restartedMain] o.s.b.w.embedded.tomcat.TomcatWebServer  : Tomcat started on port(s): 8081 (http) with context path '/SpringMVC'
2021-03-12 05:16:18.143  INFO 16076 --- [restartedMain] t.e.spring.PiMicroAssuranceApplication   : Started PiMicroAssuranceApplication in 1.626 seconds (JVM running for 374.298)
2021-03-12 05:16:18.145  INFO 16076 --- [restartedMain] .ConditionEvaluationDeltaLoggingListener : Condition evaluation unchanged
2021-03-12 05:16:32.576  INFO 16076 --- [RMI TCP Connection(2)-127.0.0.1] inMXBeanRegistrar$SpringApplicationAdmin : Application shutdown requested.
2021-03-12 05:16:32.760  INFO 16076 --- [RMI TCP Connection(2)-127.0.0.1] o.s.s.concurrent.ThreadPoolTaskExecutor  : Shutting down ExecutorService 'applicationTaskExecutor'
2021-03-12 05:16:32.761  INFO 16076 --- [RMI TCP Connection(2)-127.0.0.1] j.LocalContainerEntityManagerFactoryBean : Closing JPA EntityManagerFactory for persistence unit 'default'
2021-03-12 05:16:32.762  INFO 16076 --- [RMI TCP Connection(2)-127.0.0.1] com.zaxxer.hikari.HikariDataSource       : HikariPool-3 - Shutdown initiated...
2021-03-12 05:16:32.768  INFO 16076 --- [RMI TCP Connection(2)-127.0.0.1] com.zaxxer.hikari.HikariDataSource       : HikariPool-3 - Shutdown completed.
2021-03-12 05:22:59.709  INFO 3940 --- [restartedMain] t.e.spring.PiMicroAssuranceApplication   : Starting PiMicroAssuranceApplication using Java 1.8.0_202 on LAPTOP-8OORO9GA with PID 3940 (C:\work\workspace-sts\pi-micro-assurance\target\classes started by abder in C:\work\workspace-sts\pi-micro-assurance)
2021-03-12 05:22:59.713  INFO 3940 --- [restartedMain] t.e.spring.PiMicroAssuranceApplication   : No active profile set, falling back to default profiles: default
2021-03-12 05:22:59.781  INFO 3940 --- [restartedMain] .e.DevToolsPropertyDefaultsPostProcessor : Devtools property defaults active! Set 'spring.devtools.add-properties' to 'false' to disable
2021-03-12 05:22:59.781  INFO 3940 --- [restartedMain] .e.DevToolsPropertyDefaultsPostProcessor : For additional web related logging consider setting the 'logging.level.web' property to 'DEBUG'
2021-03-12 05:23:00.498  INFO 3940 --- [restartedMain] .s.d.r.c.RepositoryConfigurationDelegate : Bootstrapping Spring Data JPA repositories in DEFAULT mode.
2021-03-12 05:23:00.586  INFO 3940 --- [restartedMain] .s.d.r.c.RepositoryConfigurationDelegate : Finished Spring Data repository scanning in 74 ms. Found 1 JPA repository interfaces.
2021-03-12 05:23:01.355  INFO 3940 --- [restartedMain] o.s.b.w.embedded.tomcat.TomcatWebServer  : Tomcat initialized with port(s): 8081 (http)
2021-03-12 05:23:01.363  INFO 3940 --- [restartedMain] o.apache.catalina.core.StandardService   : Starting service [Tomcat]
2021-03-12 05:23:01.363  INFO 3940 --- [restartedMain] org.apache.catalina.core.StandardEngine  : Starting Servlet engine: [Apache Tomcat/9.0.43]
2021-03-12 05:23:01.458  INFO 3940 --- [restartedMain] o.a.c.c.C.[.[localhost].[/SpringMVC]     : Initializing Spring embedded WebApplicationContext
2021-03-12 05:23:01.458  INFO 3940 --- [restartedMain] w.s.c.ServletWebServerApplicationContext : Root WebApplicationContext: initialization completed in 1676 ms
2021-03-12 05:23:01.817  INFO 3940 --- [restartedMain] o.hibernate.jpa.internal.util.LogHelper  : HHH000204: Processing PersistenceUnitInfo [name: default]
2021-03-12 05:23:01.880  INFO 3940 --- [restartedMain] org.hibernate.Version                    : HHH000412: Hibernate ORM core version 5.4.28.Final
2021-03-12 05:23:02.061  INFO 3940 --- [restartedMain] o.hibernate.annotations.common.Version   : HCANN000001: Hibernate Commons Annotations {5.1.2.Final}
2021-03-12 05:23:02.181  INFO 3940 --- [restartedMain] com.zaxxer.hikari.HikariDataSource       : HikariPool-1 - Starting...
2021-03-12 05:23:02.400  INFO 3940 --- [restartedMain] com.zaxxer.hikari.HikariDataSource       : HikariPool-1 - Start completed.
2021-03-12 05:23:02.427  INFO 3940 --- [restartedMain] org.hibernate.dialect.Dialect            : HHH000400: Using dialect: org.hibernate.dialect.MySQL5Dialect
2021-03-12 05:23:04.231  INFO 3940 --- [restartedMain] o.h.e.t.j.p.i.JtaPlatformInitiator       : HHH000490: Using JtaPlatform implementation: [org.hibernate.engine.transaction.jta.platform.internal.NoJtaPlatform]
2021-03-12 05:23:04.231  INFO 3940 --- [restartedMain] j.LocalContainerEntityManagerFactoryBean : Initialized JPA EntityManagerFactory for persistence unit 'default'
2021-03-12 05:23:04.262  INFO 3940 --- [restartedMain] o.s.b.d.a.OptionalLiveReloadServer       : LiveReload server is running on port 35729
2021-03-12 05:23:04.658  WARN 3940 --- [restartedMain] JpaBaseConfiguration$JpaWebConfiguration : spring.jpa.open-in-view is enabled by default. Therefore, database queries may be performed during view rendering. Explicitly configure spring.jpa.open-in-view to disable this warning
2021-03-12 05:23:04.819  INFO 3940 --- [restartedMain] o.s.s.concurrent.ThreadPoolTaskExecutor  : Initializing ExecutorService 'applicationTaskExecutor'
2021-03-12 05:23:05.116  INFO 3940 --- [restartedMain] o.s.b.w.embedded.tomcat.TomcatWebServer  : Tomcat started on port(s): 8081 (http) with context path '/SpringMVC'
2021-03-12 05:23:05.131  INFO 3940 --- [restartedMain] t.e.spring.PiMicroAssuranceApplication   : Started PiMicroAssuranceApplication in 5.884 seconds (JVM running for 6.739)
2021-03-12 05:23:59.518  INFO 3940 --- [RMI TCP Connection(2)-127.0.0.1] inMXBeanRegistrar$SpringApplicationAdmin : Application shutdown requested.
2021-03-12 05:23:59.695  INFO 3940 --- [RMI TCP Connection(2)-127.0.0.1] o.s.s.concurrent.ThreadPoolTaskExecutor  : Shutting down ExecutorService 'applicationTaskExecutor'
2021-03-12 05:23:59.695  INFO 3940 --- [RMI TCP Connection(2)-127.0.0.1] j.LocalContainerEntityManagerFactoryBean : Closing JPA EntityManagerFactory for persistence unit 'default'
2021-03-12 05:23:59.710  INFO 3940 --- [RMI TCP Connection(2)-127.0.0.1] com.zaxxer.hikari.HikariDataSource       : HikariPool-1 - Shutdown initiated...
2021-03-12 05:23:59.710  INFO 3940 --- [RMI TCP Connection(2)-127.0.0.1] com.zaxxer.hikari.HikariDataSource       : HikariPool-1 - Shutdown completed.
2021-03-12 05:24:57.957  INFO 8580 --- [restartedMain] t.e.spring.PiMicroAssuranceApplication   : Starting PiMicroAssuranceApplication using Java 1.8.0_202 on LAPTOP-8OORO9GA with PID 8580 (C:\work\workspace-sts\pi-micro-assurance\target\classes started by abder in C:\work\workspace-sts\pi-micro-assurance)
2021-03-12 05:24:57.957  INFO 8580 --- [restartedMain] t.e.spring.PiMicroAssuranceApplication   : No active profile set, falling back to default profiles: default
2021-03-12 05:24:58.036  INFO 8580 --- [restartedMain] .e.DevToolsPropertyDefaultsPostProcessor : Devtools property defaults active! Set 'spring.devtools.add-properties' to 'false' to disable
2021-03-12 05:24:58.036  INFO 8580 --- [restartedMain] .e.DevToolsPropertyDefaultsPostProcessor : For additional web related logging consider setting the 'logging.level.web' property to 'DEBUG'
2021-03-12 05:24:58.737  INFO 8580 --- [restartedMain] .s.d.r.c.RepositoryConfigurationDelegate : Bootstrapping Spring Data JPA repositories in DEFAULT mode.
2021-03-12 05:24:58.830  INFO 8580 --- [restartedMain] .s.d.r.c.RepositoryConfigurationDelegate : Finished Spring Data repository scanning in 67 ms. Found 1 JPA repository interfaces.
2021-03-12 05:24:59.621  INFO 8580 --- [restartedMain] o.s.b.w.embedded.tomcat.TomcatWebServer  : Tomcat initialized with port(s): 8081 (http)
2021-03-12 05:24:59.634  INFO 8580 --- [restartedMain] o.apache.catalina.core.StandardService   : Starting service [Tomcat]
2021-03-12 05:24:59.635  INFO 8580 --- [restartedMain] org.apache.catalina.core.StandardEngine  : Starting Servlet engine: [Apache Tomcat/9.0.43]
2021-03-12 05:24:59.734  INFO 8580 --- [restartedMain] o.a.c.c.C.[.[localhost].[/SpringMVC]     : Initializing Spring embedded WebApplicationContext
2021-03-12 05:24:59.734  INFO 8580 --- [restartedMain] w.s.c.ServletWebServerApplicationContext : Root WebApplicationContext: initialization completed in 1697 ms
2021-03-12 05:25:00.085  INFO 8580 --- [restartedMain] o.hibernate.jpa.internal.util.LogHelper  : HHH000204: Processing PersistenceUnitInfo [name: default]
2021-03-12 05:25:00.155  INFO 8580 --- [restartedMain] org.hibernate.Version                    : HHH000412: Hibernate ORM core version 5.4.28.Final
2021-03-12 05:25:00.342  INFO 8580 --- [restartedMain] o.hibernate.annotations.common.Version   : HCANN000001: Hibernate Commons Annotations {5.1.2.Final}
2021-03-12 05:25:00.471  INFO 8580 --- [restartedMain] com.zaxxer.hikari.HikariDataSource       : HikariPool-1 - Starting...
2021-03-12 05:25:00.674  INFO 8580 --- [restartedMain] com.zaxxer.hikari.HikariDataSource       : HikariPool-1 - Start completed.
2021-03-12 05:25:00.700  INFO 8580 --- [restartedMain] org.hibernate.dialect.Dialect            : HHH000400: Using dialect: org.hibernate.dialect.MySQL5Dialect
2021-03-12 05:25:02.235  INFO 8580 --- [restartedMain] o.h.e.t.j.p.i.JtaPlatformInitiator       : HHH000490: Using JtaPlatform implementation: [org.hibernate.engine.transaction.jta.platform.internal.NoJtaPlatform]
2021-03-12 05:25:02.235  INFO 8580 --- [restartedMain] j.LocalContainerEntityManagerFactoryBean : Initialized JPA EntityManagerFactory for persistence unit 'default'
2021-03-12 05:25:02.266  INFO 8580 --- [restartedMain] o.s.b.d.a.OptionalLiveReloadServer       : LiveReload server is running on port 35729
2021-03-12 05:25:02.658  WARN 8580 --- [restartedMain] JpaBaseConfiguration$JpaWebConfiguration : spring.jpa.open-in-view is enabled by default. Therefore, database queries may be performed during view rendering. Explicitly configure spring.jpa.open-in-view to disable this warning
2021-03-12 05:25:02.814  INFO 8580 --- [restartedMain] o.s.s.concurrent.ThreadPoolTaskExecutor  : Initializing ExecutorService 'applicationTaskExecutor'
2021-03-12 05:25:03.153  INFO 8580 --- [restartedMain] o.s.b.w.embedded.tomcat.TomcatWebServer  : Tomcat started on port(s): 8081 (http) with context path '/SpringMVC'
2021-03-12 05:25:03.167  INFO 8580 --- [restartedMain] t.e.spring.PiMicroAssuranceApplication   : Started PiMicroAssuranceApplication in 5.66 seconds (JVM running for 6.517)
2021-03-12 05:32:55.551  INFO 8580 --- [RMI TCP Connection(2)-127.0.0.1] inMXBeanRegistrar$SpringApplicationAdmin : Application shutdown requested.
2021-03-12 05:32:55.747  INFO 8580 --- [RMI TCP Connection(2)-127.0.0.1] o.s.s.concurrent.ThreadPoolTaskExecutor  : Shutting down ExecutorService 'applicationTaskExecutor'
2021-03-12 05:32:55.747  INFO 8580 --- [RMI TCP Connection(2)-127.0.0.1] j.LocalContainerEntityManagerFactoryBean : Closing JPA EntityManagerFactory for persistence unit 'default'
2021-03-12 05:32:55.762  INFO 8580 --- [RMI TCP Connection(2)-127.0.0.1] com.zaxxer.hikari.HikariDataSource       : HikariPool-1 - Shutdown initiated...
2021-03-12 05:32:55.762  INFO 8580 --- [RMI TCP Connection(2)-127.0.0.1] com.zaxxer.hikari.HikariDataSource       : HikariPool-1 - Shutdown completed.
